<?xml version="1.0" encoding="UTF-8"?>
<!-- Generated by org.testng.reporters.JUnitReportReporter -->
<testsuite hostname="Dell" failures="0" tests="2" name="testng.TestNG1" time="0.019" errors="0" timestamp="2021-05-03T18:24:20 IST" skipped="0">
  <testcase classname="testng.TestNG1" name="testcase2" time="0.003"/>
  <system-out/>
  <testcase classname="testng.TestNG1" name="testcase1" time="0.016"/>
  <system-out/>
</testsuite> <!-- testng.TestNG1 -->
