<?xml version="1.0" encoding="UTF-8"?>
<!-- Generated by org.testng.reporters.JUnitReportReporter -->
<testsuite hostname="Dell" failures="0" tests="2" name="basic.IncludeExclude" time="0.020" errors="0" timestamp="2021-05-06T08:34:38 IST" skipped="0">
  <testcase classname="basic.IncludeExclude" name="testcaseOne" time="0.010"/>
  <system-out/>
  <testcase classname="basic.IncludeExclude" name="testcaseFour" time="0.010"/>
  <system-out/>
</testsuite> <!-- basic.IncludeExclude -->
