<?xml version="1.0" encoding="UTF-8"?>
<!-- Generated by org.testng.reporters.JUnitReportReporter -->
<testsuite hostname="Dell" failures="0" tests="1" name="testng2.DropDown" time="7.249" errors="0" timestamp="2021-04-24T19:17:18 IST" skipped="0">
  <testcase classname="testng2.DropDown" name="f" time="7.249"/>
  <system-out/>
</testsuite> <!-- testng2.DropDown -->
